\BOOKMARK [1][-]{section.1}{\376\377\000O\000b\000s\000a\000h}{}% 1
\BOOKMARK [1][-]{section.2}{\376\377\000C\000i\000z\000o\000j\000a\000z\000y\001\015\000n\000\351\000\040\000-\000\040\000o\000b\000s\000a\000h}{}% 2
\BOOKMARK [1][-]{section.3}{\376\377\001\014\000e\000s\000k\000\351\000\040\000p\000\355\000s\000n\000i\001\015\000k\000y}{}% 3
\BOOKMARK [2][-]{song1-1.2}{\376\377\0001\000.\000\040\0001\000+\0001}{section.3}% 4
\BOOKMARK [2][-]{song1-2.2}{\376\377\0002\000.\000\040\000A\000n\000d\001\033\000l\000\351}{section.3}% 5
\BOOKMARK [2][-]{song1-3.2}{\376\377\0003\000.\000\040\000A\000n\000d\001\033\000l}{section.3}% 6
\BOOKMARK [2][-]{song1-4.2}{\376\377\0004\000.\000\040\000B\000a\000b\000i\001\015\000k\000a\000\040\000M\000a\000r\000y}{section.3}% 7
\BOOKMARK [2][-]{song1-5.2}{\376\377\0005\000.\000\040\000B\000\341\000r\000a}{section.3}% 8
\BOOKMARK [2][-]{song1-6.2}{\376\377\0006\000.\000\040\000B\000a\000r\000o\000k\000o}{section.3}% 9
\BOOKMARK [2][-]{song1-7.2}{\376\377\0007\000.\000\040\000B\000a\000t\000a\000l\000i\000o\000n}{section.3}% 10
\BOOKMARK [2][-]{song1-8.2}{\376\377\0008\000.\000\040\000B\000e\000d\000n\000a\000\040\000o\000d\000\040\000w\000h\000i\000s\000k\000y}{section.3}% 11
\BOOKMARK [2][-]{song1-9.2}{\376\377\0009\000.\000\040\000B\000i\000m\000\040\000b\000a\000m\000\040\000-\000\040\000h\000v\001\033\000z\000d\000a\000\040\000z\000\341\001\131\000i\000l\000a}{section.3}% 12
\BOOKMARK [2][-]{song1-10.2}{\376\377\0001\0000\000.\000\040\000B\000l\000\341\000t\000i\000v\000\341\000\040\000c\000e\000s\000t\000a}{section.3}% 13
\BOOKMARK [2][-]{song1-11.2}{\376\377\0001\0001\000.\000\040\000B\000l\000u\000e\000s\000\040\000n\000a\000\040\000c\000e\000s\000t\000u\000\040\000p\000o\000s\000l\000e\000d\000n\000\355}{section.3}% 14
\BOOKMARK [2][-]{song1-12.2}{\376\377\0001\0002\000.\000\040\000B\000o\000n\000\040\000s\000o\000i\000r\000\040\000m\000a\000d\000e\000m\000o\000i\000s\000e\000l\000l\000e\000\040\000P\000a\000r\000i\000s}{section.3}% 15
\BOOKMARK [2][-]{song1-13.2}{\376\377\0001\0003\000.\000\040\000B\000o\000t\000y\000\040\000p\000r\000o\000t\000i\000\040\000l\000\341\000s\000c\000e}{section.3}% 16
\BOOKMARK [2][-]{song1-14.2}{\376\377\0001\0004\000.\000\040\000B\000u\000r\000\341\000k\000y}{section.3}% 17
\BOOKMARK [2][-]{song1-15.2}{\376\377\0001\0005\000.\000\040\000B\000u\000r\000l\000a\000c\000i}{section.3}% 18
\BOOKMARK [2][-]{song1-16.2}{\376\377\0001\0006\000.\000\040\001\014\000e\000r\000n\000\375\000\040\000b\000r\000e\000j\000l\000e}{section.3}% 19
\BOOKMARK [2][-]{song1-17.2}{\376\377\0001\0007\000.\000\040\000C\000e\000s\000t\000a}{section.3}% 20
\BOOKMARK [2][-]{song1-18.2}{\376\377\0001\0008\000.\000\040\000C\000o\000\040\000b\000y\000l\000o\000\040\000d\000\341\000l\000?}{section.3}% 21
\BOOKMARK [2][-]{song1-19.2}{\376\377\0001\0009\000.\000\040\000D\000a\000v\000i\000d\000\040\000a\000\040\000G\000o\000l\000i\000\341\001\141}{section.3}% 22
\BOOKMARK [2][-]{song1-20.2}{\376\377\0002\0000\000.\000\040\000D\001\033\000l\000\341\000n\000\355}{section.3}% 23
\BOOKMARK [2][-]{song1-21.2}{\376\377\0002\0001\000.\000\040\000D\000\355\000v\000k\000a\000\040\000s\000\040\000p\000e\000r\000l\000a\000m\000i\000\040\000v\000e\000\040\000v\000l\000a\000s\000e\000c\000h}{section.3}% 24
\BOOKMARK [2][-]{song1-22.2}{\376\377\0002\0002\000.\000\040\000D\000o\000b\000r\000\341\000k\000\040\000o\000d\000\040\000k\000o\000s\000t\000i}{section.3}% 25
\BOOKMARK [2][-]{song1-23.2}{\376\377\0002\0003\000.\000\040\000D\000o\000k\000u\000d\000\040\000s\000e\000\040\000z\000p\000\355\000v\000\341}{section.3}% 26
\BOOKMARK [2][-]{song1-24.2}{\376\377\0002\0004\000.\000\040\000D\000r\000o\000b\000n\000\341\000\040\000p\000a\000r\000a\000l\000e\000l\000a}{section.3}% 27
\BOOKMARK [2][-]{song1-25.2}{\376\377\0002\0005\000.\000\040\000D\000y\000n\000a\000m\000i\000t}{section.3}% 28
\BOOKMARK [2][-]{song1-26.2}{\376\377\0002\0006\000.\000\040\000E\000l\000e\000k\000t\000r\000i\000c\000k\000\375\000\040\000v\000a\000l\001\015\000\355\000k}{section.3}% 29
\BOOKMARK [2][-]{song1-27.2}{\376\377\0002\0007\000.\000\040\000F\000r\000a\000n\000k\000i\000e\000\040\000D\000l\000o\000u\000h\000\341\000n}{section.3}% 30
\BOOKMARK [2][-]{song1-28.2}{\376\377\0002\0008\000.\000\040\000G\000a\000s\000t\000r\000o\000s\000e\000x\000u\000\341\000l}{section.3}% 31
\BOOKMARK [2][-]{song1-29.2}{\376\377\0002\0009\000.\000\040\000G\000l\000o\000b\000\341\000l\000n\000\355\000\040\000o\000t\000e\000p\000l\000o\000v\000\341\000n\000\355}{section.3}% 32
\BOOKMARK [2][-]{song1-30.2}{\376\377\0003\0000\000.\000\040\000G\000o\000r\000a\000l\000e}{section.3}% 33
\BOOKMARK [2][-]{song1-31.2}{\376\377\0003\0001\000.\000\040\000H\000l\000\355\000d\000a\001\015\000\040\000k\000r\000a\000v}{section.3}% 34
\BOOKMARK [2][-]{song1-32.2}{\376\377\0003\0002\000.\000\040\000H\000o\000l\000u\000b\000\355\000\040\000d\001\157\000m}{section.3}% 35
\BOOKMARK [2][-]{song1-33.2}{\376\377\0003\0003\000.\000\040\000H\000r\000o\000b\000a\001\131}{section.3}% 36
\BOOKMARK [2][-]{song1-34.2}{\376\377\0003\0004\000.\000\040\000H\000u\000d\000s\000o\000n\000s\000k\000\351\000\040\001\141\000\355\000f\000y}{section.3}% 37
\BOOKMARK [2][-]{song1-35.2}{\376\377\0003\0005\000.\000\040\000H\000v\001\033\000z\000d\000a\000\040\000n\000a\000\040\000v\000r\000b\001\033}{section.3}% 38
\BOOKMARK [2][-]{song1-36.2}{\376\377\0003\0006\000.\000\040\000J\000a\000r\000n\000\355\000\040\000t\000\341\000n\000\355}{section.3}% 39
\BOOKMARK [2][-]{song1-37.2}{\376\377\0003\0007\000.\000\040\000J\000a\000r\000o\001\141\000o\000v\000s\000k\000\375\000\040\000p\000i\000v\000o\000v\000a\000r}{section.3}% 40
\BOOKMARK [2][-]{song1-38.2}{\376\377\0003\0008\000.\000\040\000J\000a\000s\000n\000\341\000\040\000z\000p\000r\000\341\000v\000a}{section.3}% 41
\BOOKMARK [2][-]{song1-39.2}{\376\377\0003\0009\000.\000\040\000J\000d\000e\000m\000\040\000z\000p\000\341\000t\000k\000y\000\040\000d\000o\000\040\000l\000e\000s\001\157}{section.3}% 42
\BOOKMARK [2][-]{song1-40.2}{\376\377\0004\0000\000.\000\040\000J\000e\000h\000n\001\033\000d\000y}{section.3}% 43
\BOOKMARK [2][-]{song1-41.2}{\376\377\0004\0001\000.\000\040\000J\000e\000l\000e\000n}{section.3}% 44
\BOOKMARK [2][-]{song1-42.2}{\376\377\0004\0002\000.\000\040\000J\000e\000r\000i\000c\000h\000o}{section.3}% 45
\BOOKMARK [2][-]{song1-43.2}{\376\377\0004\0003\000.\000\040\000J\000e\001\176\000\355\001\141}{section.3}% 46
\BOOKMARK [2][-]{song1-44.2}{\376\377\0004\0004\000.\000\040\000J\000i\000z\000v\000a\000\040\000n\000a\000\040\000r\000t\000u}{section.3}% 47
\BOOKMARK [2][-]{song1-45.2}{\376\377\0004\0005\000.\000\040\000J\000o\001\176\000i\000n\000\040\000z\000\040\000b\000a\001\176\000i\000n}{section.3}% 48
\BOOKMARK [2][-]{song1-46.2}{\376\377\0004\0006\000.\000\040\000K\000d\000o\000v\000\355\000\040\000j\000e\000s\000t\000l\000i}{section.3}% 49
\BOOKMARK [2][-]{song1-47.2}{\376\377\0004\0007\000.\000\040\000K\000d\000y\001\176\000\040\000m\001\033\000\040\000b\000r\000a\000l\000i\000\040\000z\000a\000\040\000v\000o\000j\000\341\000k\000a}{section.3}% 50
\BOOKMARK [2][-]{song1-48.2}{\376\377\0004\0008\000.\000\040\000K\000l\000i\000d\000n\000\341\000\040\000j\000a\000k\000o\000\040\000v\000o\000d\000a}{section.3}% 51
\BOOKMARK [2][-]{song1-49.2}{\376\377\0004\0009\000.\000\040\000K\000o\000m\000e\000t\000a}{section.3}% 52
\BOOKMARK [2][-]{song1-50.2}{\376\377\0005\0000\000.\000\040\000K\000o\001\131\000e\000n\000o\000v\000\341\000\040\000z\000e\000l\000e\000n\000i\000n\000a}{section.3}% 53
\BOOKMARK [2][-]{song1-51.2}{\376\377\0005\0001\000.\000\040\000K\000r\000a\000j\000i\000n\000a\000\040\000p\000o\000s\000e\000d\000l\000\341\000\040\000t\000m\000o\000u}{section.3}% 54
\BOOKMARK [2][-]{song1-52.2}{\376\377\0005\0002\000.\000\040\000K\000r\000u\000t\000\375\000\040\000k\000r\000t\000e\000k\000\040\000J\000o\000y}{section.3}% 55
\BOOKMARK [2][-]{song1-53.2}{\376\377\0005\0003\000.\000\040\000L\000\341\001\017\000a}{section.3}% 56
\BOOKMARK [2][-]{song1-54.2}{\376\377\0005\0004\000.\000\040\000L\000\341\000s\000k\000a\000\040\000v\000\040\000h\000o\000u\000s\000c\000e}{section.3}% 57
\BOOKMARK [2][-]{song1-55.2}{\376\377\0005\0005\000.\000\040\000M\000a\000g\000d\000a\000l\000\351\000n\000a}{section.3}% 58
\BOOKMARK [2][-]{song1-56.2}{\376\377\0005\0006\000.\000\040\000M\000a\000l\000\341\000\040\000d\000\341\000m\000a}{section.3}% 59
\BOOKMARK [2][-]{song1-57.2}{\376\377\0005\0007\000.\000\040\000M\000a\000l\000o\000t\000r\000a\000k\000t\000o\000r\000e\000m}{section.3}% 60
\BOOKMARK [2][-]{song1-58.2}{\376\377\0005\0008\000.\000\040\000M\000a\000l\000o\000v\000\341\000n\000\355}{section.3}% 61
\BOOKMARK [2][-]{song1-59.2}{\376\377\0005\0009\000.\000\040\000M\000a\000r\000u\001\141\000k\000a}{section.3}% 62
\BOOKMARK [2][-]{song1-60.2}{\376\377\0006\0000\000.\000\040\000M\000a\000t\000f\000y\000z\000\341\000k\000\040\000n\000a\000\040\000d\000i\000s\000c\000u}{section.3}% 63
\BOOKMARK [2][-]{song1-61.2}{\376\377\0006\0001\000.\000\040\000M\000e\000d\000v\000\355\000d\000e\000k}{section.3}% 64
\BOOKMARK [2][-]{song1-62.2}{\376\377\0006\0002\000.\000\040\000M\000e\000z\000i\000\040\000H\000o\000r\000a\000m\000i}{section.3}% 65
\BOOKMARK [2][-]{song1-63.2}{\376\377\0006\0003\000.\000\040\000M\000o\000n\000t\000g\000o\000m\000e\000r\000y}{section.3}% 66
\BOOKMARK [2][-]{song1-64.2}{\376\377\0006\0004\000.\000\040\000M\000o\000r\000i\000t\000u\000r\000i\000\040\000t\000e\000\040\000s\000a\000l\000u\000t\000a\000n\000t}{section.3}% 67
\BOOKMARK [2][-]{song1-65.2}{\376\377\0006\0005\000.\000\040\000M\000o\000t\000\375\000l}{section.3}% 68
\BOOKMARK [2][-]{song1-66.2}{\376\377\0006\0006\000.\000\040\000N\000a\000d\000\040\000s\000t\000\341\000d\000e\000m\000\040\000k\000o\000n\000\355}{section.3}% 69
\BOOKMARK [2][-]{song1-67.2}{\376\377\0006\0007\000.\000\040\000N\000a\000\040\000k\000o\000l\000e\000n\000a}{section.3}% 70
\BOOKMARK [2][-]{song1-68.2}{\376\377\0006\0008\000.\000\040\000N\000a\000\040\000p\000t\000\341\000k\000y\000\040\000j\000s\000m\000e\000\040\000k\000r\000\341\000t\000k\000\375}{section.3}% 71
\BOOKMARK [2][-]{song1-69.2}{\376\377\0006\0009\000.\000\040\000N\000a\000z\000d\000a\000r\000!\000!\000!}{section.3}% 72
\BOOKMARK [2][-]{song1-70.2}{\376\377\0007\0000\000.\000\040\000N\000e\000b\000u\000d\000e\000\040\000t\000o\000\040\001\076\000a\000h\000k\000\351}{section.3}% 73
\BOOKMARK [2][-]{song1-71.2}{\376\377\0007\0001\000.\000\040\000P\000\355\000s\000n\000i\001\015\000k\000a}{section.3}% 74
\BOOKMARK [2][-]{song1-72.2}{\376\377\0007\0002\000.\000\040\000P\000l\000a\000k\000a\000l\000a}{section.3}% 75
\BOOKMARK [2][-]{song1-73.2}{\376\377\0007\0003\000.\000\040\000P\000o\000h\000o\000d\000a}{section.3}% 76
\BOOKMARK [2][-]{song1-74.2}{\376\377\0007\0004\000.\000\040\000P\000o\000\040\000s\000c\000h\000o\000d\000o\000c\000h}{section.3}% 77
\BOOKMARK [2][-]{song1-75.2}{\376\377\0007\0005\000.\000\040\000P\000o\000v\001\033\000s\000t\000e\000\040\000h\000o\000\040\000v\000e\000j\001\141}{section.3}% 78
\BOOKMARK [2][-]{song1-76.2}{\376\377\0007\0006\000.\000\040\000P\000r\000a\000m\000\355\000n\000e\000k\000\040\000v\000l\000a\000s\001\157}{section.3}% 79
\BOOKMARK [2][-]{song1-77.2}{\376\377\0007\0007\000.\000\040\000P\001\131\000e\000d\000\040\000n\000a\001\141\000\355\000,\000\040\000z\000a\000\040\000n\000a\001\141\000\355\000\040\000\050\000p\000r\000a\001\141\000n\000\341\000\040\000c\000e\000s\000t\000i\001\015\000k\000a\000\051}{section.3}% 80
\BOOKMARK [2][-]{song1-78.2}{\376\377\0007\0008\000.\000\040\000P\000r\000v\000n\000\355\000\040\000s\000i\000g\000n\000\341\000l\000n\000\355}{section.3}% 81
\BOOKMARK [2][-]{song1-79.2}{\376\377\0007\0009\000.\000\040\000R\000a\000c\000i\000\040\000v\000\040\000p\000r\000\341\000c\000i\000\040\000s\000.\000r\000.\000o\000.}{section.3}% 82
\BOOKMARK [2][-]{song1-80.2}{\376\377\0008\0000\000.\000\040\000R\000\341\000n\000a\000\040\000v\000\040\000t\000r\000\341\000v\001\033}{section.3}% 83
\BOOKMARK [2][-]{song1-81.2}{\376\377\0008\0001\000.\000\040\000R\000e\000k\000l\000a\000m\000a\000\040\000n\000a\000\040\000t\000i\000c\000h\000o}{section.3}% 84
\BOOKMARK [2][-]{song1-82.2}{\376\377\0008\0002\000.\000\040\001\140\000a\000m\000a\000n}{section.3}% 85
\BOOKMARK [2][-]{song1-83.2}{\376\377\0008\0003\000.\000\040\000S\000\341\000r\000o\000!}{section.3}% 86
\BOOKMARK [2][-]{song1-84.2}{\376\377\0008\0004\000.\000\040\000S\000e\000v\000e\000r\000n\000\355\000\040\000v\000\355\000t\000r\000\040\000j\000e\000\040\000k\000r\000u\000t\000\375}{section.3}% 87
\BOOKMARK [2][-]{song1-85.2}{\376\377\0008\0005\000.\000\040\000S\000\355\000l\000a\000\040\000s\000t\000a\000r\000e\000j\000c\000h\000\040\000v\000\355\000n}{section.3}% 88
\BOOKMARK [2][-]{song1-86.2}{\376\377\0008\0006\000.\000\040\000S\000i\000l\000n\000\375\000\040\000r\000e\000f\000r\000\351\000n}{section.3}% 89
\BOOKMARK [2][-]{song1-87.2}{\376\377\0008\0007\000.\000\040\000S\000l\000a\000d\000k\000\351\000\040\000m\000\341\000m\000e\000n\000\355}{section.3}% 90
\BOOKMARK [2][-]{song1-88.2}{\376\377\0008\0008\000.\000\040\000S\000l\000a\000v\000\355\000c\000i\000\040\000z\000\040\000M\000a\000d\000r\000i\000d\000u}{section.3}% 91
\BOOKMARK [2][-]{song1-89.2}{\376\377\0008\0009\000.\000\040\000S\000r\000a\001\176\000\040\000n\000\341\000s\000\040\000n\000a\000\040\000k\000o\000l\000e\000n\000a\000\040\000\050\000S\000h\000o\000u\000t\000\051}{section.3}% 92
\BOOKMARK [2][-]{song1-90.2}{\376\377\0009\0000\000.\000\040\000S\000r\000d\000c\000e\000\040\000j\000a\000k\000o\000\040\000k\000n\000\355\001\176\000e\000\040\000R\000o\000h\000a\000n}{section.3}% 93
\BOOKMARK [2][-]{song1-91.2}{\376\377\0009\0001\000.\000\040\001\140\000r\000o\000u\000b\000y\000\040\000a\000\040\000m\000a\000t\000i\000c\000e}{section.3}% 94
\BOOKMARK [2][-]{song1-92.2}{\376\377\0009\0002\000.\000\040\000S\000t\000\341\000n\000k\000y}{section.3}% 95
\BOOKMARK [2][-]{song1-93.2}{\376\377\0009\0003\000.\000\040\000T\000a\000m\000\040\000n\000a\000\040\000P\000i\000c\000c\000a\000d\000i\000l\000l\000y}{section.3}% 96
\BOOKMARK [2][-]{song1-94.2}{\376\377\0009\0004\000.\000\040\000T\000o\000\040\000t\000a\000\040\000H\000e\001\076\000p\000a}{section.3}% 97
\BOOKMARK [2][-]{song1-95.2}{\376\377\0009\0005\000.\000\040\000T\000o\000u\000h\000a}{section.3}% 98
\BOOKMARK [2][-]{song1-96.2}{\376\377\0009\0006\000.\000\040\000T\000r\000e\000z\000o\000r}{section.3}% 99
\BOOKMARK [2][-]{song1-97.2}{\376\377\0009\0007\000.\000\040\000T\001\131\000i\000\040\000k\001\131\000\355\001\176\000e}{section.3}% 100
\BOOKMARK [2][-]{song1-98.2}{\376\377\0009\0008\000.\000\040\000U\000k\000a\001\176\000\040\000t\000u\000\040\000t\000v\000o\000j\000u\000\040\000Z\000o\000o}{section.3}% 101
\BOOKMARK [2][-]{song1-99.2}{\376\377\0009\0009\000.\000\040\000V\000a\000l\001\015\000\355\001\015\000e\000k}{section.3}% 102
\BOOKMARK [2][-]{song1-100.2}{\376\377\0001\0000\0000\000.\000\040\000V\000\040\000b\000l\000b\000\375\000m\000\040\000v\001\033\000k\000u}{section.3}% 103
\BOOKMARK [2][-]{song1-101.2}{\376\377\0001\0000\0001\000.\000\040\000V\001\015\000e\000l\000\355\000n}{section.3}% 104
\BOOKMARK [2][-]{song1-102.2}{\376\377\0001\0000\0002\000.\000\040\000V\000e\001\017\000\040\000m\001\033\000\040\000d\000\341\000l\000,\000\040\000c\000e\000s\000t\000o\000\040\000m\000\341}{section.3}% 105
\BOOKMARK [2][-]{song1-103.2}{\376\377\0001\0000\0003\000.\000\040\000V\000\355\000n\000o}{section.3}% 106
\BOOKMARK [2][-]{song1-104.2}{\376\377\0001\0000\0004\000.\000\040\000V\000i\000r\000t\000u\000\363\000z}{section.3}% 107
\BOOKMARK [2][-]{song1-105.2}{\376\377\0001\0000\0005\000.\000\040\000V\000y\000p\000r\000\341\000v\001\033\000j\000\040\000\050\000E\000v\000o\000.\000.\000.\000\051}{section.3}% 108
\BOOKMARK [2][-]{song1-106.2}{\376\377\0001\0000\0006\000.\000\040\000Z\000a\000f\000\372\000k\000a\000n\000\351}{section.3}% 109
\BOOKMARK [2][-]{song1-107.2}{\376\377\0001\0000\0007\000.\000\040\000Z\000a\000k\000\341\000z\000a\000n\000\351\000\040\000u\000v\000o\000l\000n\001\033\000n\000\355}{section.3}% 110
\BOOKMARK [2][-]{song1-108.2}{\376\377\0001\0000\0008\000.\000\040\000Z\000d\000\341\000\040\000s\000e\000\040\000m\000i}{section.3}% 111
\BOOKMARK [2][-]{song1-109.2}{\376\377\0001\0000\0009\000.\000\040\000Z\000e\000j\000t\000r\000a\000\040\000m\000\341\000m}{section.3}% 112
\BOOKMARK [1][-]{section.4}{\376\377\000A\000n\000g\000l\000i\000c\000k\000\351\000\040\000p\000\355\000s\000n\000i\001\015\000k\000y}{}% 113
\BOOKMARK [2][-]{song2-1.2}{\376\377\0001\000.\000\040\0002\0001\000\040\000G\000u\000n\000s}{section.4}% 114
\BOOKMARK [2][-]{song2-2.2}{\376\377\0002\000.\000\040\000B\000o\000u\000l\000e\000v\000a\000r\000d\000\040\000O\000f\000\040\000B\000r\000o\000k\000e\000n\000\040\000D\000r\000e\000a\000m\000s}{section.4}% 115
\BOOKMARK [2][-]{song2-3.2}{\376\377\0003\000.\000\040\000B\000r\000e\000a\000k\000f\000a\000s\000t\000\040\000a\000t\000\040\000T\000i\000f\000f\000a\000n\000y\000'\000s}{section.4}% 116
\BOOKMARK [2][-]{song2-4.2}{\376\377\0004\000.\000\040\000C\000a\000s\000t\000l\000e\000\040\000O\000f\000\040\000G\000l\000a\000s\000s}{section.4}% 117
\BOOKMARK [2][-]{song2-5.2}{\376\377\0005\000.\000\040\000D\000e\000m\000o\000n\000s}{section.4}% 118
\BOOKMARK [2][-]{song2-6.2}{\376\377\0006\000.\000\040\000H\000a\000l\000l\000e\000l\000u\000j\000a\000h}{section.4}% 119
\BOOKMARK [2][-]{song2-7.2}{\376\377\0007\000.\000\040\000H\000e\000r\000o\000\040\000O\000f\000\040\000W\000a\000r}{section.4}% 120
\BOOKMARK [2][-]{song2-8.2}{\376\377\0008\000.\000\040\000H\000o\000u\000s\000e\000\040\000o\000f\000\040\000t\000h\000e\000\040\000R\000i\000s\000i\000n\000g\000\040\000S\000u\000n}{section.4}% 121
\BOOKMARK [2][-]{song2-9.2}{\376\377\0009\000.\000\040\000I\000'\000m\000\040\000a\000\040\000B\000e\000l\000i\000e\000v\000e\000r}{section.4}% 122
\BOOKMARK [2][-]{song2-10.2}{\376\377\0001\0000\000.\000\040\000L\000e\000a\000v\000i\000n\000g\000\040\000O\000n\000\040\000A\000\040\000J\000e\000t\000\040\000P\000l\000a\000n\000e}{section.4}% 123
\BOOKMARK [2][-]{song2-11.2}{\376\377\0001\0001\000.\000\040\000O\000n\000\040\000m\000y\000\040\000h\000e\000a\000d}{section.4}% 124
\BOOKMARK [2][-]{song2-12.2}{\376\377\0001\0002\000.\000\040\000O\000u\000r\000\040\000H\000o\000u\000s\000e\000\040\000\050\000B\000a\000u\000h\000a\000u\000s\000\051}{section.4}% 125
\BOOKMARK [2][-]{song2-13.2}{\376\377\0001\0003\000.\000\040\000R\000a\000d\000i\000o\000a\000c\000t\000i\000v\000e}{section.4}% 126
\BOOKMARK [2][-]{song2-14.2}{\376\377\0001\0004\000.\000\040\000R\000o\000o\000m\000\040\000O\000f\000\040\000G\000h\000o\000s\000t\000s}{section.4}% 127
\BOOKMARK [2][-]{song2-15.2}{\376\377\0001\0005\000.\000\040\000T\000h\000e\000\040\000S\000o\000u\000n\000d\000\040\000o\000f\000\040\000S\000i\000l\000e\000n\000c\000e}{section.4}% 128
\BOOKMARK [2][-]{song2-16.2}{\376\377\0001\0006\000.\000\040\000W\000i\000t\000h\000\040\000O\000r\000\040\000W\000i\000t\000h\000o\000u\000t\000\040\000Y\000o\000u}{section.4}% 129
